\BOOKMARK [1][-]{section*.1}{\376\377\000C\000h\000a\000n\000g\000e\000\040\000L\000o\000g}{}% 1
\BOOKMARK [1][-]{section*.3}{\376\377\000C\000o\000d\000e\000\040\000H\000o\000s\000t\000e\000d}{}% 2
\BOOKMARK [1][-]{section*.4}{\376\377\000C\000h\000a\000t\000G\000P\000T\000\040\0004\000o\000\040\000m\000i\000n\000i\000\040\000P\000r\000o\000m\000p\000t}{}% 3
\BOOKMARK [1][-]{section.1}{\376\377\176\277\140\047\126\336\137\122\000\040\000L\000i\000n\000e\000a\000r\000\040\000R\000e\000g\000r\000e\000s\000s\000i\000o\000n}{}% 4
\BOOKMARK [1][-]{section.2}{\376\377\220\073\217\221\126\336\137\122\000\040\000\050\000L\000o\000g\000R\000\051}{}% 5
\BOOKMARK [1][-]{section.3}{\376\377\131\032\230\171\137\017\126\336\137\122\000\040\000\050\000P\000R\000\051}{}% 6
\BOOKMARK [1][-]{section.4}{\376\377\000L\000a\000s\000s\000o\000\040\126\336\137\122}{}% 7
\BOOKMARK [1][-]{section.5}{\376\377\000R\000i\000d\000g\000e\000\040\126\336\137\122}{}% 8
\BOOKMARK [1][-]{section.6}{\376\377\137\071\140\047\177\121\176\334\000\040\000\050\000E\000l\000a\000s\000t\000i\000c\000\040\000N\000e\000t\000\051}{}% 9
\BOOKMARK [1][-]{section.7}{\376\377\121\263\173\126\150\021\000\040\000\050\000D\000T\000\051}{}% 10
\BOOKMARK [1][-]{section.8}{\376\377\226\217\147\072\150\356\147\227\000\040\000\050\000R\000F\000\051}{}% 11
\BOOKMARK [1][-]{section.9}{\376\377\150\257\136\246\143\320\123\107\150\021\000\040\000\050\000G\000B\000T\000\051}{}% 12
\BOOKMARK [1][-]{section.10}{\376\377\000X\000G\000B\000o\000o\000s\000t}{}% 13
\BOOKMARK [1][-]{section.11}{\376\377\000L\000i\000g\000h\000t\000G\000B\000M}{}% 14
\BOOKMARK [1][-]{section.12}{\376\377\000C\000a\000t\000B\000o\000o\000s\000t}{}% 15
\BOOKMARK [1][-]{section.13}{\376\377\145\057\143\001\124\021\221\317\147\072\000\040\000\050\000S\000V\000M\000\051}{}% 16
\BOOKMARK [1][-]{section.14}{\376\377\147\064\175\040\215\035\123\366\145\257\000\040\000\050\000N\000B\000\051}{}% 17
\BOOKMARK [1][-]{section.15}{\376\377\000K\000\040\147\000\217\321\220\273\000\040\000\050\000K\000N\000N\000\051}{}% 18
\BOOKMARK [1][-]{section.16}{\376\377\116\073\142\020\122\006\122\006\147\220\000\040\000\050\000P\000C\000A\000\051}{}% 19
\BOOKMARK [1][-]{section.17}{\376\377\162\354\172\313\142\020\122\006\122\006\147\220\000\040\000\050\000I\000C\000A\000\051}{}% 20
\BOOKMARK [1][-]{section.18}{\376\377\176\277\140\047\122\044\122\053\122\006\147\220\000\040\000\050\000L\000D\000A\000\051}{}% 21
\BOOKMARK [1][-]{section.19}{\376\377\000t\000-\122\006\136\003\220\273\217\321\135\114\121\145\000\040\000\050\000t\000-\000S\000N\000E\000\051}{}% 22
\BOOKMARK [1][-]{section.20}{\376\377\232\330\145\257\155\367\124\010\152\041\127\213\000\040\000\050\000G\000M\000M\000\051}{}% 23
\BOOKMARK [1][-]{section.21}{\376\377\200\132\174\173\122\006\147\220\000\040\000\050\000C\000A\000\051}{}% 24
\BOOKMARK [1][-]{section.22}{\376\377\000K\000\040\127\107\120\074\200\132\174\173\000\040\000\050\000K\000-\000m\000e\000a\000n\000s\000\051}{}% 25
\BOOKMARK [1][-]{section.23}{\376\377\000D\000B\000S\000C\000A\000N}{}% 26
\BOOKMARK [1][-]{section.24}{\376\377\000H\000D\000B\000S\000C\000A\000N}{}% 27
\BOOKMARK [1][-]{section.25}{\376\377\134\102\153\041\200\132\174\173\000\040\000\050\000H\000C\000\051}{}% 28
\BOOKMARK [1][-]{section.26}{\376\377\000G\000A\000N\000\040\000\050\165\037\142\020\133\371\142\227\177\121\176\334\000\051}{}% 29
\BOOKMARK [1][-]{section.27}{\376\377\000D\000C\000G\000A\000N}{}% 30
\BOOKMARK [1][-]{section.28}{\376\377\000W\000G\000A\000N\000\040\000\050\000W\000a\000s\000s\000e\000r\000s\000t\000e\000i\000n\000\040\000G\000A\000N\000\051}{}% 31
\BOOKMARK [1][-]{section.29}{\376\377\000S\000t\000y\000l\000e\000G\000A\000N}{}% 32
\BOOKMARK [1][-]{section.30}{\376\377\000C\000y\000c\000l\000e\000G\000A\000N}{}% 33
\BOOKMARK [1][-]{section.31}{\376\377\000V\000A\000E\000\040\000\050\123\330\122\006\201\352\177\026\170\001\126\150\000\051}{}% 34
\BOOKMARK [1][-]{section.32}{\376\377\000G\000P\000T\000\040\000\050\165\037\142\020\137\017\230\204\213\255\176\303\152\041\127\213\000\051}{}% 35
\BOOKMARK [1][-]{section.33}{\376\377\000B\000E\000R\000T}{}% 36
\BOOKMARK [1][-]{section.34}{\376\377\000T\000r\000a\000n\000s\000f\000o\000r\000m\000e\000r}{}% 37
\BOOKMARK [1][-]{section.35}{\376\377\000L\000S\000T\000M\000\040\000\050\225\177\167\355\147\037\213\260\137\306\177\121\176\334\000\051}{}% 38
\BOOKMARK [1][-]{section.36}{\376\377\000G\000R\000U\000\040\000\050\225\350\143\247\137\252\163\257\123\125\121\103\000\051}{}% 39
\BOOKMARK [1][-]{section.37}{\376\377\000R\000N\000N\000\040\000\050\137\252\163\257\171\136\176\317\177\121\176\334\000\051}{}% 40
\BOOKMARK [1][-]{section.38}{\376\377\000C\000N\000N\000\040\000\050\123\167\171\357\171\136\176\317\177\121\176\334\000\051}{}% 41
\BOOKMARK [1][-]{section.39}{\376\377\000A\000l\000e\000x\000N\000e\000t}{}% 42
\BOOKMARK [1][-]{section.40}{\376\377\000V\000G\000G}{}% 43
\BOOKMARK [1][-]{section.41}{\376\377\000G\000o\000o\000g\000L\000e\000N\000e\000t}{}% 44
\BOOKMARK [1][-]{section.42}{\376\377\000R\000e\000s\000N\000e\000t}{}% 45
\BOOKMARK [1][-]{section.43}{\376\377\000M\000o\000b\000i\000l\000e\000N\000e\000t}{}% 46
\BOOKMARK [1][-]{section.44}{\376\377\000E\000f\000f\000i\000c\000i\000e\000n\000t\000N\000e\000t}{}% 47
\BOOKMARK [1][-]{section.45}{\376\377\000I\000n\000c\000e\000p\000t\000i\000o\000n}{}% 48
\BOOKMARK [1][-]{section.46}{\376\377\000D\000e\000e\000p\000D\000r\000e\000a\000m}{}% 49
\BOOKMARK [1][-]{section.47}{\376\377\155\361\136\246\117\341\137\365\177\121\176\334\000\040\000\050\000D\000B\000N\000\051}{}% 50
\BOOKMARK [1][-]{section.48}{\376\377\201\352\122\250\177\026\170\001\126\150\000\040\000\050\000A\000E\000\051}{}% 51
\BOOKMARK [1][-]{section.49}{\376\377\137\072\123\026\133\146\116\140\000\040\000\050\000R\000L\000\051}{}% 52
\BOOKMARK [1][-]{section.50}{\376\377\000Q\000-\000l\000e\000a\000r\000n\000i\000n\000g}{}% 53
\BOOKMARK [1][-]{section.51}{\376\377\000S\000A\000R\000S\000A}{}% 54
\BOOKMARK [1][-]{section.52}{\376\377\000D\000D\000P\000G}{}% 55
\BOOKMARK [1][-]{section.53}{\376\377\000A\0003\000C}{}% 56
\BOOKMARK [1][-]{section.54}{\376\377\000S\000A\000C}{}% 57
\BOOKMARK [1][-]{section.55}{\376\377\145\366\136\217\135\356\122\006\133\146\116\140\000\040\000\050\000T\000D\000\051}{}% 58
\BOOKMARK [1][-]{section.56}{\376\377\000A\000c\000t\000o\000r\000-\000C\000r\000i\000t\000i\000c}{}% 59
\BOOKMARK [1][-]{section.57}{\376\377\133\371\142\227\213\255\176\303\000\040\000\050\000A\000d\000v\000e\000r\000s\000a\000r\000i\000a\000l\000\040\000T\000r\000a\000i\000n\000i\000n\000g\000\051}{}% 60
\BOOKMARK [1][-]{section.58}{\376\377\150\257\136\246\116\013\226\115\000\040\000\050\000G\000D\000\051}{}% 61
\BOOKMARK [1][-]{section.59}{\376\377\226\217\147\072\150\257\136\246\116\013\226\115\000\040\000\050\000S\000G\000D\000\051}{}% 62
\BOOKMARK [1][-]{section.60}{\376\377\142\171\221\317\150\257\136\246\116\013\226\115\000\040\000\050\000B\000G\000D\000\051}{}% 63
\BOOKMARK [1][-]{section.61}{\376\377\000A\000d\000a\000m}{}% 64
\BOOKMARK [1][-]{section.62}{\376\377\000R\000M\000S\000p\000r\000o\000p}{}% 65
\BOOKMARK [1][-]{section.63}{\376\377\000A\000d\000a\000G\000r\000a\000d}{}% 66
\BOOKMARK [1][-]{section.64}{\376\377\000A\000d\000a\000D\000e\000l\000t\000a}{}% 67
\BOOKMARK [1][-]{section.65}{\376\377\000N\000a\000d\000a\000m}{}% 68
\BOOKMARK [1][-]{section.66}{\376\377\116\244\123\311\161\265\143\137\131\061\121\375\145\160\000\040\000\050\000C\000r\000o\000s\000s\000-\000E\000n\000t\000r\000o\000p\000y\000\040\000L\000o\000s\000s\000\051}{}% 69
\BOOKMARK [1][-]{section.67}{\376\377\127\107\145\271\213\357\135\356\143\137\131\061\121\375\145\160\000\040\000\050\000M\000e\000a\000n\000\040\000S\000q\000u\000a\000r\000e\000d\000\040\000E\000r\000r\000o\000r\000\040\000L\000o\000s\000s\000\051}{}% 70
\BOOKMARK [1][-]{section.68}{\376\377\000K\000L\000\040\145\143\136\246\143\137\131\061\121\375\145\160\000\040\000\050\000K\000L\000\040\000D\000i\000v\000e\000r\000g\000e\000n\000c\000e\000\040\000L\000o\000s\000s\000\051}{}% 71
\BOOKMARK [1][-]{section.69}{\376\377\000H\000i\000n\000g\000e\000\040\143\137\131\061\121\375\145\160}{}% 72
\BOOKMARK [1][-]{section.70}{\376\377\141\037\167\345\126\150\000\040\000\050\000P\000e\000r\000c\000e\000p\000t\000r\000o\000n\000\051}{}% 73
\BOOKMARK [1][-]{section.71}{\376\377\000R\000B\000F\000\040\171\136\176\317\177\121\176\334}{}% 74
\BOOKMARK [1][-]{section.72}{\376\377\000H\000o\000p\000f\000i\000e\000l\000d\000\040\177\121\176\334}{}% 75
\BOOKMARK [1][-]{section.73}{\376\377\000B\000o\000l\000t\000z\000m\000a\000n\000n\000\040\147\072}{}% 76
\BOOKMARK [1][-]{section.74}{\376\377\155\361\136\246\137\072\123\026\133\146\116\140\000\040\000\050\000D\000R\000L\000\051}{}% 77
\BOOKMARK [1][-]{section.75}{\376\377\201\352\166\321\167\143\133\146\116\140\000\040\000\050\000S\000e\000l\000f\000-\000s\000u\000p\000e\000r\000v\000i\000s\000e\000d\000\040\000L\000e\000a\000r\000n\000i\000n\000g\000\051}{}% 78
\BOOKMARK [1][-]{section.76}{\376\377\217\301\171\373\133\146\116\140\000\040\000\050\000T\000r\000a\000n\000s\000f\000e\000r\000\040\000L\000e\000a\000r\000n\000i\000n\000g\000\051}{}% 79
\BOOKMARK [1][-]{section.77}{\376\377\213\255\176\303\165\037\142\020\177\121\176\334\000\040\000\050\000T\000G\000A\000N\000\051}{}% 80
\BOOKMARK [1][-]{section.78}{\376\377\000C\000y\000c\000l\000e\000G\000A\000N}{}% 81
\BOOKMARK [1][-]{section.79}{\376\377\155\361\136\246\133\146\116\140\165\037\142\020\152\041\127\213\000\040\000\050\000D\000L\000G\000M\000\051}{}% 82
\BOOKMARK [1][-]{section.80}{\376\377\201\352\122\250\177\026\170\001\126\150\165\037\142\020\133\371\142\227\177\121\176\334\000\040\000\050\000A\000E\000G\000A\000N\000\051}{}% 83
\BOOKMARK [1][-]{section.81}{\376\377\122\006\136\003\137\017\201\352\177\026\170\001\126\150\000\040\000\050\000D\000A\000E\000\051}{}% 84
\BOOKMARK [1][-]{section.82}{\376\377\177\121\176\334\157\300\155\073\117\030\123\026\126\150\000\040\000\050\000N\000A\000O\000\051}{}% 85
\BOOKMARK [1][-]{section.83}{\376\377\201\352\177\026\170\001\126\150\000\040\000\050\000A\000u\000t\000o\000e\000n\000c\000o\000d\000e\000r\000\051}{}% 86
\BOOKMARK [1][-]{section.84}{\376\377\000V\000Q\000-\000V\000A\000E}{}% 87
\BOOKMARK [1][-]{section.85}{\376\377\000L\000S\000T\000M\000-\000V\000A\000E}{}% 88
\BOOKMARK [1][-]{section.86}{\376\377\123\167\171\357\201\352\177\026\170\001\126\150\000\040\000\050\000C\000A\000E\000\051}{}% 89
\BOOKMARK [1][-]{section.87}{\376\377\000G\000A\000N\000\040\201\352\177\026\170\001\126\150\000\040\000\050\000G\000A\000N\000A\000E\000\051}{}% 90
\BOOKMARK [1][-]{section.88}{\376\377\000U\000-\000N\000e\000t}{}% 91
\BOOKMARK [1][-]{section.89}{\376\377\155\361\136\246\000\040\000Q\000\040\177\121\176\334\000\040\000\050\000D\000Q\000N\000\051}{}% 92
\BOOKMARK [1][-]{section.90}{\376\377\123\314\221\315\000\040\000D\000Q\000N\000\040\000\050\000D\000D\000Q\000N\000\051}{}% 93
\BOOKMARK [1][-]{section.91}{\376\377\117\030\121\110\126\336\145\076\000\040\000D\000Q\000N\000\040\000\050\000P\000r\000i\000o\000r\000i\000t\000i\000z\000e\000d\000\040\000E\000x\000p\000e\000r\000i\000e\000n\000c\000e\000\040\000R\000e\000p\000l\000a\000y\000\040\000D\000Q\000N\000\051}{}% 94
\BOOKMARK [1][-]{section.92}{\376\377\131\032\146\172\200\375\117\123\000\040\000D\000Q\000N\000\040\000\050\000M\000u\000l\000t\000i\000-\000a\000g\000e\000n\000t\000\040\000D\000Q\000N\000\051}{}% 95
\BOOKMARK [1][-]{section.93}{\376\377\155\361\136\246\170\156\133\232\140\047\173\126\165\145\150\257\136\246\000\040\000\050\000D\000D\000P\000G\000\051}{}% 96
\BOOKMARK [1][-]{section.94}{\376\377\141\037\167\345\126\150\000\040\000\050\000P\000e\000r\000c\000e\000p\000t\000r\000o\000n\000\051}{}% 97
\BOOKMARK [1][-]{section.95}{\376\377\172\000\165\217\201\352\177\026\170\001\126\150\000\040\000\050\000S\000A\000E\000\051}{}% 98
\BOOKMARK [1][-]{section.96}{\376\377\172\000\165\217\210\150\171\072\122\006\174\173\000\040\000\050\000S\000R\000C\000\051}{}% 99
\BOOKMARK [1][-]{section.97}{\376\377\226\306\142\020\133\146\116\140\000\040\000\050\000E\000n\000s\000e\000m\000b\000l\000e\000\040\000L\000e\000a\000r\000n\000i\000n\000g\000\051}{}% 100
\BOOKMARK [1][-]{section.98}{\376\377\226\217\147\072\150\356\147\227\000\040\000\050\000R\000a\000n\000d\000o\000m\000\040\000F\000o\000r\000e\000s\000t\000\051}{}% 101
\BOOKMARK [1][-]{section.99}{\376\377\147\201\226\120\150\257\136\246\143\320\123\107\150\021\000\040\000\050\000X\000G\000B\000o\000o\000s\000t\000\051}{}% 102
\BOOKMARK [1][-]{section.100}{\376\377\000A\000d\000a\000B\000o\000o\000s\000t}{}% 103
\BOOKMARK [1][-]{section.101}{\376\377\150\257\136\246\143\320\123\107\147\072\000\040\000\050\000G\000r\000a\000d\000i\000e\000n\000t\000\040\000B\000o\000o\000s\000t\000i\000n\000g\000\040\000M\000a\000c\000h\000i\000n\000e\000\051}{}% 104
\BOOKMARK [1][-]{section.102}{\376\377\000S\000t\000a\000c\000k\000i\000n\000g}{}% 105
\BOOKMARK [1][-]{section.103}{\376\377\215\035\123\366\145\257\117\030\123\026\126\150\000\040\000\050\000B\000a\000y\000e\000s\000i\000a\000n\000\040\000O\000p\000t\000i\000m\000i\000z\000a\000t\000i\000o\000n\000\051}{}% 106
\BOOKMARK [1][-]{section.104}{\376\377\215\035\123\366\145\257\177\121\176\334\000\040\000\050\000B\000a\000y\000e\000s\000i\000a\000n\000\040\000N\000e\000t\000w\000o\000r\000k\000\051}{}% 107
\BOOKMARK [1][-]{section.105}{\376\377\000E\000M\173\227\154\325\000\040\000\050\000E\000x\000p\000e\000c\000t\000a\000t\000i\000o\000n\000-\000M\000a\000x\000i\000m\000i\000z\000a\000t\000i\000o\000n\000\040\000A\000l\000g\000o\000r\000i\000t\000h\000m\000\051}{}% 108
\BOOKMARK [1][-]{section.106}{\376\377\232\330\145\257\217\307\172\013\000\040\000\050\000G\000a\000u\000s\000s\000i\000a\000n\000\040\000P\000r\000o\000c\000e\000s\000s\000\051}{}% 109
\BOOKMARK [1][-]{section.107}{\376\377\232\154\134\024\171\321\131\053\224\376\204\231\162\171\123\141\155\033\000\040\000\050\000M\000C\000M\000C\000\051}{}% 110
\BOOKMARK [1][-]{section.108}{\376\377\137\072\123\026\133\146\116\140\000\040\000\050\000R\000e\000i\000n\000f\000o\000r\000c\000e\000m\000e\000n\000t\000\040\000L\000e\000a\000r\000n\000i\000n\000g\000\051}{}% 111
\BOOKMARK [1][-]{section.109}{\376\377\145\340\166\321\167\143\133\146\116\140\000\040\000\050\000U\000n\000s\000u\000p\000e\000r\000v\000i\000s\000e\000d\000\040\000L\000e\000a\000r\000n\000i\000n\000g\000\051}{}% 112
\BOOKMARK [1][-]{section.110}{\376\377\123\112\166\321\167\143\133\146\116\140\000\040\000\050\000S\000e\000m\000i\000-\000s\000u\000p\000e\000r\000v\000i\000s\000e\000d\000\040\000L\000e\000a\000r\000n\000i\000n\000g\000\051}{}% 113
\BOOKMARK [1][-]{section.111}{\376\377\166\321\167\143\133\146\116\140\000\040\000\050\000S\000u\000p\000e\000r\000v\000i\000s\000e\000d\000\040\000L\000e\000a\000r\000n\000i\000n\000g\000\051}{}% 114
\BOOKMARK [1][-]{section.112}{\376\377\217\301\171\373\133\146\116\140\000\040\000\050\000T\000r\000a\000n\000s\000f\000e\000r\000\040\000L\000e\000a\000r\000n\000i\000n\000g\000\051}{}% 115
\BOOKMARK [1][-]{section.113}{\376\377\176\364\145\160\176\246\173\200\000\040\000\050\000D\000i\000m\000e\000n\000s\000i\000o\000n\000a\000l\000i\000t\000y\000\040\000R\000e\000d\000u\000c\000t\000i\000o\000n\000\051}{}% 116
\BOOKMARK [1][-]{section.114}{\376\377\162\171\137\201\220\011\142\351\000\040\000\050\000F\000e\000a\000t\000u\000r\000e\000\040\000S\000e\000l\000e\000c\000t\000i\000o\000n\000\051}{}% 117
\BOOKMARK [1][-]{section.115}{\376\377\162\171\137\201\143\320\123\326\000\040\000\050\000F\000e\000a\000t\000u\000r\000e\000\040\000E\000x\000t\000r\000a\000c\000t\000i\000o\000n\000\051}{}% 118
\BOOKMARK [1][-]{section.116}{\376\377\153\143\122\031\123\026\000\040\000\050\000R\000e\000g\000u\000l\000a\000r\000i\000z\000a\000t\000i\000o\000n\000\051}{}% 119
\BOOKMARK [1][-]{section.117}{\376\377\150\007\121\306\123\026\000\040\000\050\000N\000o\000r\000m\000a\000l\000i\000z\000a\000t\000i\000o\000n\000\051}{}% 120
\BOOKMARK [1][-]{section.118}{\376\377\200\132\174\173\000\040\000\050\000C\000l\000u\000s\000t\000e\000r\000i\000n\000g\000\051}{}% 121
\BOOKMARK [1][-]{section.119}{\376\377\122\006\174\173\000\040\000\050\000C\000l\000a\000s\000s\000i\000f\000i\000c\000a\000t\000i\000o\000n\000\051}{}% 122
\BOOKMARK [1][-]{section.120}{\376\377\126\336\137\122\000\040\000\050\000R\000e\000g\000r\000e\000s\000s\000i\000o\000n\000\051}{}% 123
\BOOKMARK [1][-]{section.121}{\376\377\226\115\176\364\000\040\000\050\000D\000i\000m\000e\000n\000s\000i\000o\000n\000a\000l\000i\000t\000y\000\040\000R\000e\000d\000u\000c\000t\000i\000o\000n\000\051}{}% 124
\BOOKMARK [1][-]{section.122}{\376\377\162\171\137\201\146\040\134\004\000\040\000\050\000F\000e\000a\000t\000u\000r\000e\000\040\000M\000a\000p\000p\000i\000n\000g\000\051}{}% 125
\BOOKMARK [1][-]{section.123}{\376\377\171\136\176\317\177\121\176\334\000\040\000\050\000N\000e\000u\000r\000a\000l\000\040\000N\000e\000t\000w\000o\000r\000k\000\051}{}% 126
\BOOKMARK [1][-]{section.124}{\376\377\171\136\176\317\121\103\000\040\000\050\000N\000e\000u\000r\000o\000n\000\051}{}% 127
\BOOKMARK [1][-]{section.125}{\376\377\157\300\155\073\121\375\145\160\000\040\000\050\000A\000c\000t\000i\000v\000a\000t\000i\000o\000n\000\040\000F\000u\000n\000c\000t\000i\000o\000n\000\051}{}% 128
\BOOKMARK [1][-]{section.126}{\376\377\143\137\131\061\121\375\145\160\000\040\000\050\000L\000o\000s\000s\000\040\000F\000u\000n\000c\000t\000i\000o\000n\000\051}{}% 129
\BOOKMARK [1][-]{section.127}{\376\377\117\030\123\026\126\150\000\040\000\050\000O\000p\000t\000i\000m\000i\000z\000e\000r\000\051}{}% 130
\BOOKMARK [1][-]{section.128}{\376\377\133\146\116\140\163\207\000\040\000\050\000L\000e\000a\000r\000n\000i\000n\000g\000\040\000R\000a\000t\000e\000\051}{}% 131
\BOOKMARK [1][-]{section.129}{\376\377\142\171\153\041\131\047\134\017\000\040\000\050\000B\000a\000t\000c\000h\000\040\000S\000i\000z\000e\000\051}{}% 132
\BOOKMARK [1][-]{section.130}{\376\377\217\355\116\343\153\041\145\160\000\040\000\050\000E\000p\000o\000c\000h\000\051}{}% 133
\BOOKMARK [1][-]{section.131}{\376\377\215\205\123\302\145\160\000\040\000\050\000H\000y\000p\000e\000r\000p\000a\000r\000a\000m\000e\000t\000e\000r\000\051}{}% 134
\BOOKMARK [1][-]{section.132}{\376\377\152\041\127\213\213\304\117\060\000\040\000\050\000M\000o\000d\000e\000l\000\040\000E\000v\000a\000l\000u\000a\000t\000i\000o\000n\000\051}{}% 135
\BOOKMARK [1][-]{section.133}{\376\377\116\244\123\311\232\214\213\301\000\040\000\050\000C\000r\000o\000s\000s\000\040\000V\000a\000l\000i\000d\000a\000t\000i\000o\000n\000\051}{}% 136
\BOOKMARK [1][-]{section.134}{\376\377\155\367\155\306\167\351\226\065\000\040\000\050\000C\000o\000n\000f\000u\000s\000i\000o\000n\000\040\000M\000a\000t\000r\000i\000x\000\051}{}% 137
\BOOKMARK [1][-]{section.135}{\376\377\000R\000O\000C\000\040\146\362\176\277\000\040\000\050\000R\000O\000C\000\040\000C\000u\000r\000v\000e\000\051}{}% 138
\BOOKMARK [1][-]{section.136}{\376\377\000A\000U\000C\000\040\120\074\000\040\000\050\000A\000U\000C\000\040\000V\000a\000l\000u\000e\000\051}{}% 139
\BOOKMARK [1][-]{section.137}{\376\377\174\276\170\156\136\246\000\040\000\050\000P\000r\000e\000c\000i\000s\000i\000o\000n\000\051}{}% 140
\BOOKMARK [1][-]{section.138}{\376\377\123\354\126\336\163\207\000\040\000\050\000R\000e\000c\000a\000l\000l\000\051}{}% 141
\BOOKMARK [1][-]{section.139}{\376\377\000F\0001\000\040\122\006\145\160\000\040\000\050\000F\0001\000\040\000S\000c\000o\000r\000e\000\051}{}% 142
\BOOKMARK [1][-]{section.140}{\376\377\152\041\127\213\211\343\221\312\000\040\000\050\000M\000o\000d\000e\000l\000\040\000I\000n\000t\000e\000r\000p\000r\000e\000t\000a\000b\000i\000l\000i\000t\000y\000\051}{}% 143
\BOOKMARK [1][-]{section.141}{\376\377\162\171\137\201\221\315\211\201\140\047\000\040\000\050\000F\000e\000a\000t\000u\000r\000e\000\040\000I\000m\000p\000o\000r\000t\000a\000n\000c\000e\000\051}{}% 144
\BOOKMARK [1][-]{section.142}{\376\377\134\100\220\350\211\343\221\312\000\040\000\050\000L\000o\000c\000a\000l\000\040\000E\000x\000p\000l\000a\000n\000a\000t\000i\000o\000n\000\051}{}% 145
\BOOKMARK [1][-]{section.143}{\376\377\121\150\134\100\211\343\221\312\000\040\000\050\000G\000l\000o\000b\000a\000l\000\040\000E\000x\000p\000l\000a\000n\000a\000t\000i\000o\000n\000\051}{}% 146
\BOOKMARK [1][-]{section.144}{\376\377\147\072\126\150\133\146\116\140\173\241\220\123\000\040\000\050\000M\000a\000c\000h\000i\000n\000e\000\040\000L\000e\000a\000r\000n\000i\000n\000g\000\040\000P\000i\000p\000e\000l\000i\000n\000e\000\051}{}% 147
\BOOKMARK [1][-]{section.145}{\376\377\116\000\225\056\165\037\142\020\152\041\127\213\000\040\000\050\000A\000u\000t\000o\000M\000L\000\051}{}% 148
\BOOKMARK [1][-]{section.146}{\376\377\215\205\123\302\145\160\117\030\123\026\000\040\000\050\000H\000y\000p\000e\000r\000p\000a\000r\000a\000m\000e\000t\000e\000r\000\040\000T\000u\000n\000i\000n\000g\000\051}{}% 149
\BOOKMARK [1][-]{section.147}{\376\377\000F\000F\000T}{}% 150
\BOOKMARK [1][-]{section.148}{\376\377\142\311\146\156\142\311\145\257\123\330\143\142}{}% 151
\BOOKMARK [1][-]{section.149}{\376\377\000z\123\330\143\142}{}% 152
\BOOKMARK [1][-]{section.150}{\376\377\120\205\221\314\123\366\123\330\143\142}{}% 153
\BOOKMARK [1][-]{section.151}{\376\377\167\355\145\366\120\205\221\314\123\366\123\330\143\142\000\040\000\050\000S\000T\000F\000T\000\051}{}% 154
\BOOKMARK [1][-]{section.152}{\376\377\000I\000I\000R}{}% 155
\BOOKMARK [1][-]{section.153}{\376\377\000F\000I\000R}{}% 156
\BOOKMARK [1][-]{section.154}{\376\377\123\141\134\024\146\374\156\344\154\342}{}% 157
\BOOKMARK [1][-]{section.155}{\376\377\000D\000I\000P\173\227\154\325}{}% 158
\BOOKMARK [1][-]{section.156}{\376\377\134\017\154\342\123\330\143\142}{}% 159
